2020-04-24 09:49:36,398 INFO Starting Nacos v1.2.0 on LAPTOP-AA253FIP with PID 2472 (D:\workspace\zeus\zeus-register\src\main\nacos-server\target\nacos-server.jar started by xshell in D:\workspace\zeus\zeus-register\src\main\nacos-server\bin)

2020-04-24 09:49:36,402 INFO The following profiles are active: standalone

2020-04-24 09:49:38,556 INFO Bean 'org.springframework.security.config.annotation.configuration.ObjectPostProcessorConfiguration' of type [org.springframework.security.config.annotation.configuration.ObjectPostProcessorConfiguration$$EnhancerBySpringCGLIB$$f2140fd9] is not eligible for getting processed by all BeanPostProcessors (for example: not eligible for auto-proxying)

2020-04-24 09:49:38,636 INFO Bean 'objectPostProcessor' of type [org.springframework.security.config.annotation.configuration.AutowireBeanFactoryObjectPostProcessor] is not eligible for getting processed by all BeanPostProcessors (for example: not eligible for auto-proxying)

2020-04-24 09:49:38,639 INFO Bean 'org.springframework.security.access.expression.method.DefaultMethodSecurityExpressionHandler@65987993' of type [org.springframework.security.access.expression.method.DefaultMethodSecurityExpressionHandler] is not eligible for getting processed by all BeanPostProcessors (for example: not eligible for auto-proxying)

2020-04-24 09:49:38,640 INFO Bean 'org.springframework.security.config.annotation.method.configuration.GlobalMethodSecurityConfiguration' of type [org.springframework.security.config.annotation.method.configuration.GlobalMethodSecurityConfiguration$$EnhancerBySpringCGLIB$$16e8b28b] is not eligible for getting processed by all BeanPostProcessors (for example: not eligible for auto-proxying)

2020-04-24 09:49:38,646 INFO Bean 'methodSecurityMetadataSource' of type [org.springframework.security.access.method.DelegatingMethodSecurityMetadataSource] is not eligible for getting processed by all BeanPostProcessors (for example: not eligible for auto-proxying)

2020-04-24 09:49:39,488 INFO Tomcat initialized with port(s): 8848 (http)

2020-04-24 09:49:39,515 INFO Starting service [Tomcat]

2020-04-24 09:49:39,515 INFO Starting Servlet Engine: Apache Tomcat/9.0.13

2020-04-24 09:49:39,528 INFO The APR based Apache Tomcat Native library which allows optimal performance in production environments was not found on the java.library.path: [C:\Program Files\Java\jdk1.8.0_231\bin;C:\Windows\Sun\Java\bin;C:\Windows\system32;C:\Windows;C:\Program Files (x86)\Common Files\Oracle\Java\javapath;C:\Program Files (x86)\NetSarang\Xftp 6\;C:\Program Files (x86)\NetSarang\Xshell 6\;C:\Windows\system32;C:\Windows;C:\Windows\System32\Wbem;C:\Windows\System32\WindowsPowerShell\v1.0\;C:\Windows\System32\OpenSSH\;C:\Program Files\Git\cmd;C:\Program Files\nodejs\;C:\Program Files\Java\jdk1.8.0_231\bin;C:\Program Files\apache-maven-3.6.2\bin;C:\Program Files\gradle-6.2.2\bin;C:\Users\xshell\Anaconda3;C:\Users\xshell\Anaconda3\Library\mingw-w64\bin;C:\Users\xshell\Anaconda3\Library\usr\bin;C:\Users\xshell\Anaconda3\Library\bin;C:\Users\xshell\Anaconda3\Scripts;C:\Users\xshell\AppData\Local\Microsoft\WindowsApps;C:\Users\xshell\AppData\Local\Programs\Microsoft VS Code\bin;C:\Users\xshell\AppData\Roaming\npm;.]

2020-04-24 09:49:39,649 INFO Initializing Spring embedded WebApplicationContext

2020-04-24 09:49:39,649 INFO Root WebApplicationContext: initialization completed in 3185 ms

2020-04-24 09:49:41,898 INFO Reflections took 42 ms to scan 1 urls, producing 6 keys and 24 values 

2020-04-24 09:49:41,942 INFO Reflections took 3 ms to scan 1 urls, producing 2 keys and 12 values 

2020-04-24 09:49:41,952 INFO Reflections took 5 ms to scan 1 urls, producing 3 keys and 15 values 

2020-04-24 09:49:42,994 INFO Use Mysql as the driver

2020-04-24 09:49:43,647 INFO Initializing ExecutorService 'applicationTaskExecutor'

2020-04-24 09:49:43,840 INFO Adding welcome page: class path resource [static/index.html]

2020-04-24 09:49:44,211 INFO Creating filter chain: Ant [pattern='/**'], []

2020-04-24 09:49:44,256 INFO Creating filter chain: any request, [org.springframework.security.web.context.request.async.WebAsyncManagerIntegrationFilter@332a7fce, org.springframework.security.web.context.SecurityContextPersistenceFilter@5118388b, org.springframework.security.web.header.HeaderWriterFilter@7859e786, org.springframework.security.web.csrf.CsrfFilter@669513d8, org.springframework.security.web.authentication.logout.LogoutFilter@72f46e16, org.springframework.security.web.savedrequest.RequestCacheAwareFilter@7876d598, org.springframework.security.web.servletapi.SecurityContextHolderAwareRequestFilter@71104a4, org.springframework.security.web.authentication.AnonymousAuthenticationFilter@549621f3, org.springframework.security.web.session.SessionManagementFilter@314b8f2d, org.springframework.security.web.access.ExceptionTranslationFilter@4a8a60bc]

2020-04-24 09:49:44,373 INFO Exposing 2 endpoint(s) beneath base path '/actuator'

2020-04-24 09:49:44,407 INFO Initializing ExecutorService 'taskScheduler'

2020-04-24 09:49:44,540 INFO Tomcat started on port(s): 8848 (http) with context path '/nacos'

2020-04-24 09:49:44,549 INFO Started Nacos in 9.389 seconds (JVM running for 9.979)

2020-04-24 09:49:44,550 INFO Nacos logs files: D:\workspace\zeus\zeus-register\src\main\nacos-server\logs\

2020-04-24 09:49:44,550 INFO Nacos conf files: D:\workspace\zeus\zeus-register\src\main\nacos-server\conf\

2020-04-24 09:49:44,551 INFO Nacos data files: D:\workspace\zeus\zeus-register\src\main\nacos-server\data\

2020-04-24 09:49:44,554 INFO Nacos started successfully in stand alone mode.

2020-04-24 09:49:44,716 INFO Initializing Spring DispatcherServlet 'dispatcherServlet'

2020-04-24 09:49:44,717 INFO Initializing Servlet 'dispatcherServlet'

2020-04-24 09:49:44,730 INFO Completed initialization in 12 ms

2020-04-24 10:13:52,916 INFO Starting Nacos v1.2.0 on LAPTOP-AA253FIP with PID 8760 (D:\workspace\zeus\zeus-register\nacos\target\nacos-server.jar started by xshell in D:\workspace\zeus\zeus-register\nacos\bin)

2020-04-24 10:13:52,920 INFO The following profiles are active: standalone

2020-04-24 10:13:55,240 INFO Bean 'org.springframework.security.config.annotation.configuration.ObjectPostProcessorConfiguration' of type [org.springframework.security.config.annotation.configuration.ObjectPostProcessorConfiguration$$EnhancerBySpringCGLIB$$aa5a2904] is not eligible for getting processed by all BeanPostProcessors (for example: not eligible for auto-proxying)

2020-04-24 10:13:55,325 INFO Bean 'objectPostProcessor' of type [org.springframework.security.config.annotation.configuration.AutowireBeanFactoryObjectPostProcessor] is not eligible for getting processed by all BeanPostProcessors (for example: not eligible for auto-proxying)

2020-04-24 10:13:55,328 INFO Bean 'org.springframework.security.access.expression.method.DefaultMethodSecurityExpressionHandler@5965d37' of type [org.springframework.security.access.expression.method.DefaultMethodSecurityExpressionHandler] is not eligible for getting processed by all BeanPostProcessors (for example: not eligible for auto-proxying)

2020-04-24 10:13:55,333 INFO Bean 'org.springframework.security.config.annotation.method.configuration.GlobalMethodSecurityConfiguration' of type [org.springframework.security.config.annotation.method.configuration.GlobalMethodSecurityConfiguration$$EnhancerBySpringCGLIB$$cf2ecbb6] is not eligible for getting processed by all BeanPostProcessors (for example: not eligible for auto-proxying)

2020-04-24 10:13:55,339 INFO Bean 'methodSecurityMetadataSource' of type [org.springframework.security.access.method.DelegatingMethodSecurityMetadataSource] is not eligible for getting processed by all BeanPostProcessors (for example: not eligible for auto-proxying)

2020-04-24 10:13:56,120 INFO Tomcat initialized with port(s): 8848 (http)

2020-04-24 10:13:56,148 INFO Starting service [Tomcat]

2020-04-24 10:13:56,148 INFO Starting Servlet Engine: Apache Tomcat/9.0.13

2020-04-24 10:13:56,163 INFO The APR based Apache Tomcat Native library which allows optimal performance in production environments was not found on the java.library.path: [C:\Program Files\Java\jdk1.8.0_231\bin;C:\Windows\Sun\Java\bin;C:\Windows\system32;C:\Windows;C:\Program Files (x86)\Common Files\Oracle\Java\javapath;C:\Program Files (x86)\NetSarang\Xftp 6\;C:\Program Files (x86)\NetSarang\Xshell 6\;C:\Windows\system32;C:\Windows;C:\Windows\System32\Wbem;C:\Windows\System32\WindowsPowerShell\v1.0\;C:\Windows\System32\OpenSSH\;C:\Program Files\Git\cmd;C:\Program Files\nodejs\;C:\Program Files\Java\jdk1.8.0_231\bin;C:\Program Files\apache-maven-3.6.2\bin;C:\Program Files\gradle-6.2.2\bin;C:\Users\xshell\Anaconda3;C:\Users\xshell\Anaconda3\Library\mingw-w64\bin;C:\Users\xshell\Anaconda3\Library\usr\bin;C:\Users\xshell\Anaconda3\Library\bin;C:\Users\xshell\Anaconda3\Scripts;C:\Users\xshell\AppData\Local\Microsoft\WindowsApps;C:\Users\xshell\AppData\Local\Programs\Microsoft VS Code\bin;C:\Users\xshell\AppData\Roaming\npm;.]

2020-04-24 10:13:56,275 INFO Initializing Spring embedded WebApplicationContext

2020-04-24 10:13:56,275 INFO Root WebApplicationContext: initialization completed in 3281 ms

2020-04-24 10:13:58,312 INFO Reflections took 38 ms to scan 1 urls, producing 6 keys and 24 values 

2020-04-24 10:13:58,359 INFO Reflections took 5 ms to scan 1 urls, producing 2 keys and 12 values 

2020-04-24 10:13:58,370 INFO Reflections took 6 ms to scan 1 urls, producing 3 keys and 15 values 

2020-04-24 10:13:59,333 INFO Use Mysql as the driver

2020-04-24 10:14:00,018 INFO Initializing ExecutorService 'applicationTaskExecutor'

2020-04-24 10:14:00,239 INFO Adding welcome page: class path resource [static/index.html]

2020-04-24 10:14:00,596 INFO Creating filter chain: Ant [pattern='/**'], []

2020-04-24 10:14:08,149 INFO Creating filter chain: any request, [org.springframework.security.web.context.request.async.WebAsyncManagerIntegrationFilter@50fe837a, org.springframework.security.web.context.SecurityContextPersistenceFilter@53f48368, org.springframework.security.web.header.HeaderWriterFilter@30f5a68a, org.springframework.security.web.csrf.CsrfFilter@652a7737, org.springframework.security.web.authentication.logout.LogoutFilter@150ab4ed, org.springframework.security.web.savedrequest.RequestCacheAwareFilter@f0e995e, org.springframework.security.web.servletapi.SecurityContextHolderAwareRequestFilter@71b3bc45, org.springframework.security.web.authentication.AnonymousAuthenticationFilter@3a62c01e, org.springframework.security.web.session.SessionManagementFilter@4f2c9ba6, org.springframework.security.web.access.ExceptionTranslationFilter@2bef51f2]

2020-04-24 10:14:08,262 INFO Exposing 2 endpoint(s) beneath base path '/actuator'

2020-04-24 10:14:08,296 INFO Initializing ExecutorService 'taskScheduler'

2020-04-24 10:14:08,442 INFO Tomcat started on port(s): 8848 (http) with context path '/nacos'

2020-04-24 10:14:08,451 INFO Started Nacos in 16.704 seconds (JVM running for 17.331)

2020-04-24 10:14:08,452 INFO Nacos logs files: D:\workspace\zeus\zeus-register\nacos\logs\

2020-04-24 10:14:08,452 INFO Nacos conf files: D:\workspace\zeus\zeus-register\nacos\conf\

2020-04-24 10:14:08,452 INFO Nacos data files: D:\workspace\zeus\zeus-register\nacos\data\

2020-04-24 10:14:08,455 INFO Nacos started successfully in stand alone mode.

2020-04-24 10:14:08,587 INFO Initializing Spring DispatcherServlet 'dispatcherServlet'

2020-04-24 10:14:08,587 INFO Initializing Servlet 'dispatcherServlet'

2020-04-24 10:14:08,599 INFO Completed initialization in 11 ms

2020-04-24 10:23:59,144 INFO [capacityManagement] start correct usage

2020-04-24 10:23:59,187 INFO [capacityManagement] end correct usage, cost: 0s

2020-04-24 10:23:59,327 WARN clearConfigHistory start

2020-04-24 10:33:59,189 INFO [capacityManagement] start correct usage

2020-04-24 10:33:59,190 INFO [capacityManagement] end correct usage, cost: 0s

2020-04-24 10:33:59,340 WARN clearConfigHistory start

2020-04-24 10:43:59,190 INFO [capacityManagement] start correct usage

2020-04-24 10:43:59,193 INFO [capacityManagement] end correct usage, cost: 0s

2020-04-24 10:43:59,345 WARN clearConfigHistory start

2020-04-24 10:53:59,194 INFO [capacityManagement] start correct usage

2020-04-24 10:53:59,197 INFO [capacityManagement] end correct usage, cost: 0s

2020-04-24 10:53:59,348 WARN clearConfigHistory start

2020-04-24 11:03:59,198 INFO [capacityManagement] start correct usage

2020-04-24 11:03:59,213 INFO [capacityManagement] end correct usage, cost: 0s

2020-04-24 11:03:59,352 WARN clearConfigHistory start

2020-04-24 11:13:59,223 INFO [capacityManagement] start correct usage

2020-04-24 11:13:59,224 INFO [capacityManagement] end correct usage, cost: 0s

2020-04-24 11:13:59,367 WARN clearConfigHistory start

2020-04-24 11:23:59,224 INFO [capacityManagement] start correct usage

2020-04-24 11:23:59,239 INFO [capacityManagement] end correct usage, cost: 0s

2020-04-24 11:23:59,369 WARN clearConfigHistory start

2020-04-24 11:33:59,241 INFO [capacityManagement] start correct usage

2020-04-24 11:33:59,242 INFO [capacityManagement] end correct usage, cost: 0s

2020-04-24 11:33:59,371 WARN clearConfigHistory start

